[2025-04-28 05:47:14] info: ✅ Server running at http://localhost:3000
[2025-04-28 05:47:14] error: 400 - 名前は必須です
[2025-04-28 05:47:14] error: 400 - 年齢は数字で入力してください
[2025-04-28 05:47:14] error: 400 - 名前は必須です
[2025-04-28 05:47:14] error: 400 - 年齢は正の整数で入力してください
[2025-04-28 05:47:14] error: 400 - 年齢は数字で入力してください
[2025-04-28 05:47:14] error: 400 - 名前に無効な文字が含まれています
[2025-04-28 05:47:14] error: 400 - 年齢は正の整数で入力してください
[2025-04-28 05:47:14] error: 400 - 年齢は適切な範囲で入力してください
[2025-04-28 05:47:14] error: 400 - 名前は255文字以内で入力してください
[2025-04-28 05:47:14] info: ✅ Server running at http://localhost:3000
[2025-04-28 05:47:14] error: 400 - 名前は必須です
[2025-04-28 05:47:14] error: 400 - 年齢は正の整数で入力してください
[2025-04-28 05:47:14] error: 400 - 年齢は数字で入力してください
[2025-04-28 05:47:14] error: 400 - 名前に無効な文字が含まれています
[2025-04-28 05:47:14] error: 400 - 年齢は正の整数で入力してください
[2025-04-28 05:47:14] error: 400 - 年齢は適切な範囲で入力してください
[2025-04-28 05:47:14] error: 400 - 名前は255文字以内で入力してください
[2025-04-28 05:47:14] info: ✅ Server running at http://localhost:3000
[2025-04-28 06:13:24] info: ✅ Server running at http://localhost:3000
[2025-04-28 06:13:24] error: 400 - 名前は必須です
[2025-04-28 06:13:24] error: 400 - 年齢は数字で入力してください
[2025-04-28 06:13:24] error: 400 - 名前は必須です
[2025-04-28 06:13:24] error: 400 - 年齢は正の整数で入力してください
[2025-04-28 06:13:24] error: 400 - 年齢は数字で入力してください
[2025-04-28 06:13:24] error: 400 - 名前に無効な文字が含まれています
[2025-04-28 06:13:24] error: 400 - 年齢は正の整数で入力してください
[2025-04-28 06:13:24] error: 400 - 年齢は適切な範囲で入力してください
[2025-04-28 06:13:24] error: 400 - 名前は255文字以内で入力してください
[2025-04-28 06:13:24] info: ✅ Server running at http://localhost:3000
[2025-04-28 06:13:24] error: 400 - 名前は必須です
[2025-04-28 06:13:24] error: 400 - 年齢は正の整数で入力してください
[2025-04-28 06:13:24] error: 400 - 年齢は数字で入力してください
[2025-04-28 06:13:24] error: 400 - 名前に無効な文字が含まれています
[2025-04-28 06:13:24] error: 400 - 年齢は正の整数で入力してください
[2025-04-28 06:13:24] error: 400 - 年齢は適切な範囲で入力してください
[2025-04-28 06:13:24] error: 400 - 名前は255文字以内で入力してください
[2025-04-28 06:13:24] info: ✅ Server running at http://localhost:3000
[2025-04-28 06:37:59] info: ✅ Server running at http://localhost:3000
[2025-04-28 06:37:59] info: ✅ Server running at http://localhost:3000
[2025-04-28 06:37:59] info: ✅ Server running at http://localhost:3000
[2025-04-28 06:41:04] info: ✅ Server running at http://localhost:3000
[2025-04-28 06:41:04] info: ✅ Server running at http://localhost:3000
[2025-04-28 06:41:04] info: ✅ Server running at http://localhost:3000
[2025-04-28 06:43:48] info: ✅ Server running at http://localhost:3000
[2025-04-28 06:43:49] info: ✅ Server running at http://localhost:3000
[2025-04-28 06:43:49] info: ✅ Server running at http://localhost:3000
[2025-04-28 06:47:17] info: ✅ Server running at http://localhost:3000
[2025-04-28 06:47:17] info: ✅ Server running at http://localhost:3000
[2025-04-28 06:47:18] info: ✅ Server running at http://localhost:3000
[2025-04-28 09:20:10] info: ✅ Server running at http://localhost:3000
[2025-04-28 09:20:11] info: ✅ Server running at http://localhost:3000
[2025-04-28 09:20:11] info: ✅ Server running at http://localhost:3000
